✓ Converted: about-hero-section.jpg → about-hero-section.webp
✓ Converted: cape-town-hero-section.jpg → cape-town-hero-section.webp
✓ Converted: contact.jpg → contact.webp
✓ Converted: faq-hero-section.jpg → faq-hero-section.webp
✓ Converted: gallery-hero-section.jpg → gallery-hero-section.webp
✓ Converted: landing-page-2.jpg → landing-page-2.webp
✓ Converted: landing-page.jpg → landing-page.webp
✓ Converted: mr-kabab-in-the-warehouse.jpg → mr-kabab-in-the-warehouse.webp
✓ Converted: services-hero-section.jpg → services-hero-section.webp
✓ Converted: services-section-hero.jpg → services-section-hero.webp
✓ Converted: settings-hero-section.jpg → settings-hero-section.webp
✓ Converted: warehouse-welding.jpg → warehouse-welding.webp
✓ Converted: image-1.jpg → image-1.webp
✓ Converted: image-10.jpg → image-10.webp
✓ Converted: image-11.jpg → image-11.webp
✓ Converted: image-12.jpg → image-12.webp
✓ Converted: image-13.jpg → image-13.webp
✓ Converted: image-14.jpg → image-14.webp
✓ Converted: image-15.jpg → image-15.webp
✓ Converted: image-16.jpg → image-16.webp
✓ Converted: image-17.jpg → image-17.webp
✓ Converted: image-18.jpg → image-18.webp
✓ Converted: image-19.jpg → image-19.webp
✓ Converted: image-2.jpg → image-2.webp
✓ Converted: image-20.jpg → image-20.webp
✓ Converted: image-21.jpg → image-21.webp
✓ Converted: image-22.jpg → image-22.webp
✓ Converted: image-23.jpg → image-23.webp
✓ Converted: image-24.jpg → image-24.webp
✓ Converted: image-25.jpg → image-25.webp
✓ Converted: image-26.jpg → image-26.webp
✓ Converted: image-27.jpg → image-27.webp
✓ Converted: image-28.jpg → image-28.webp
✓ Converted: image-29.jpg → image-29.webp
✓ Converted: image-3.jpg → image-3.webp
✓ Converted: image-30.jpg → image-30.webp
✓ Converted: image-31.jpg → image-31.webp
✓ Converted: image-4.jpg → image-4.webp
✓ Converted: image-5.jpg → image-5.webp
✓ Converted: image-6.jpg → image-6.webp
✓ Converted: image-7.jpg → image-7.webp
✓ Converted: image-8.jpg → image-8.webp
✓ Converted: image-9.jpg → image-9.webp